[2021-07-15 10:44:33,613] {taskinstance.py:896} INFO - Dependencies all met for <TaskInstance: Treino-01.Hello_Bash 2021-07-15T04:24:00+00:00 [queued]>
[2021-07-15 10:44:33,625] {taskinstance.py:896} INFO - Dependencies all met for <TaskInstance: Treino-01.Hello_Bash 2021-07-15T04:24:00+00:00 [queued]>
[2021-07-15 10:44:33,625] {taskinstance.py:1087} INFO - 
--------------------------------------------------------------------------------
[2021-07-15 10:44:33,627] {taskinstance.py:1088} INFO - Starting attempt 1 of 2
[2021-07-15 10:44:33,627] {taskinstance.py:1089} INFO - 
--------------------------------------------------------------------------------
[2021-07-15 10:44:33,642] {taskinstance.py:1107} INFO - Executing <Task(BashOperator): Hello_Bash> on 2021-07-15T04:24:00+00:00
[2021-07-15 10:44:33,646] {standard_task_runner.py:52} INFO - Started process 2807 to run task
[2021-07-15 10:44:33,649] {standard_task_runner.py:76} INFO - Running: ['***', 'tasks', 'run', 'Treino-01', 'Hello_Bash', '2021-07-15T04:24:00+00:00', '--job-id', '1078', '--pool', 'default_pool', '--raw', '--subdir', 'DAGS_FOLDER/treino01.py', '--cfg-path', '/tmp/tmp8b4kpdr1', '--error-file', '/tmp/tmp2qjctuph']
[2021-07-15 10:44:33,650] {standard_task_runner.py:77} INFO - Job 1078: Subtask Hello_Bash
[2021-07-15 10:44:33,736] {logging_mixin.py:104} INFO - Running <TaskInstance: Treino-01.Hello_Bash 2021-07-15T04:24:00+00:00 [running]> on host 07e9e45ed309
[2021-07-15 10:44:33,828] {taskinstance.py:1302} INFO - Exporting the following env vars:
AIRFLOW_CTX_DAG_EMAIL=brunodba@gmail.com,bruno@highsales.digital
AIRFLOW_CTX_DAG_OWNER=Bruno - IGTI
AIRFLOW_CTX_DAG_ID=Treino-01
AIRFLOW_CTX_TASK_ID=Hello_Bash
AIRFLOW_CTX_EXECUTION_DATE=2021-07-15T04:24:00+00:00
AIRFLOW_CTX_DAG_RUN_ID=scheduled__2021-07-15T04:24:00+00:00
[2021-07-15 10:44:33,829] {subprocess.py:52} INFO - Tmp dir root location: 
 /tmp
[2021-07-15 10:44:33,830] {subprocess.py:63} INFO - Running command: ['bash', '-c', 'echo "Hello Airflow from Bash"']
[2021-07-15 10:44:33,839] {subprocess.py:75} INFO - Output:
[2021-07-15 10:44:33,841] {subprocess.py:79} INFO - Hello Airflow from Bash
[2021-07-15 10:44:33,841] {subprocess.py:83} INFO - Command exited with return code 0
[2021-07-15 10:44:33,897] {taskinstance.py:1211} INFO - Marking task as SUCCESS. dag_id=Treino-01, task_id=Hello_Bash, execution_date=20210715T042400, start_date=20210715T104433, end_date=20210715T104433
[2021-07-15 10:44:33,938] {taskinstance.py:1265} INFO - 1 downstream tasks scheduled from follow-on schedule check
[2021-07-15 10:44:33,951] {local_task_job.py:151} INFO - Task exited with return code 0
