[2021-07-15 10:44:17,102] {taskinstance.py:896} INFO - Dependencies all met for <TaskInstance: Treino-01.Hello_Bash 2021-07-15T02:28:00+00:00 [queued]>
[2021-07-15 10:44:17,114] {taskinstance.py:896} INFO - Dependencies all met for <TaskInstance: Treino-01.Hello_Bash 2021-07-15T02:28:00+00:00 [queued]>
[2021-07-15 10:44:17,114] {taskinstance.py:1087} INFO - 
--------------------------------------------------------------------------------
[2021-07-15 10:44:17,115] {taskinstance.py:1088} INFO - Starting attempt 1 of 2
[2021-07-15 10:44:17,115] {taskinstance.py:1089} INFO - 
--------------------------------------------------------------------------------
[2021-07-15 10:44:17,132] {taskinstance.py:1107} INFO - Executing <Task(BashOperator): Hello_Bash> on 2021-07-15T02:28:00+00:00
[2021-07-15 10:44:17,135] {standard_task_runner.py:52} INFO - Started process 2501 to run task
[2021-07-15 10:44:17,143] {standard_task_runner.py:76} INFO - Running: ['***', 'tasks', 'run', 'Treino-01', 'Hello_Bash', '2021-07-15T02:28:00+00:00', '--job-id', '962', '--pool', 'default_pool', '--raw', '--subdir', 'DAGS_FOLDER/treino01.py', '--cfg-path', '/tmp/tmp48bk6iy1', '--error-file', '/tmp/tmp9z2tte2l']
[2021-07-15 10:44:17,144] {standard_task_runner.py:77} INFO - Job 962: Subtask Hello_Bash
[2021-07-15 10:44:17,186] {logging_mixin.py:104} INFO - Running <TaskInstance: Treino-01.Hello_Bash 2021-07-15T02:28:00+00:00 [running]> on host 07e9e45ed309
[2021-07-15 10:44:17,240] {taskinstance.py:1302} INFO - Exporting the following env vars:
AIRFLOW_CTX_DAG_EMAIL=brunodba@gmail.com,bruno@highsales.digital
AIRFLOW_CTX_DAG_OWNER=Bruno - IGTI
AIRFLOW_CTX_DAG_ID=Treino-01
AIRFLOW_CTX_TASK_ID=Hello_Bash
AIRFLOW_CTX_EXECUTION_DATE=2021-07-15T02:28:00+00:00
AIRFLOW_CTX_DAG_RUN_ID=scheduled__2021-07-15T02:28:00+00:00
[2021-07-15 10:44:17,241] {subprocess.py:52} INFO - Tmp dir root location: 
 /tmp
[2021-07-15 10:44:17,242] {subprocess.py:63} INFO - Running command: ['bash', '-c', 'echo "Hello Airflow from Bash"']
[2021-07-15 10:44:17,250] {subprocess.py:75} INFO - Output:
[2021-07-15 10:44:17,251] {subprocess.py:79} INFO - Hello Airflow from Bash
[2021-07-15 10:44:17,251] {subprocess.py:83} INFO - Command exited with return code 0
[2021-07-15 10:44:17,278] {taskinstance.py:1211} INFO - Marking task as SUCCESS. dag_id=Treino-01, task_id=Hello_Bash, execution_date=20210715T022800, start_date=20210715T104417, end_date=20210715T104417
[2021-07-15 10:44:17,308] {taskinstance.py:1265} INFO - 1 downstream tasks scheduled from follow-on schedule check
[2021-07-15 10:44:17,314] {local_task_job.py:151} INFO - Task exited with return code 0
