[2021-07-15 10:44:33,912] {taskinstance.py:896} INFO - Dependencies all met for <TaskInstance: Treino-01.Hello_Bash 2021-07-15T04:26:00+00:00 [queued]>
[2021-07-15 10:44:33,924] {taskinstance.py:896} INFO - Dependencies all met for <TaskInstance: Treino-01.Hello_Bash 2021-07-15T04:26:00+00:00 [queued]>
[2021-07-15 10:44:33,924] {taskinstance.py:1087} INFO - 
--------------------------------------------------------------------------------
[2021-07-15 10:44:33,926] {taskinstance.py:1088} INFO - Starting attempt 1 of 2
[2021-07-15 10:44:33,927] {taskinstance.py:1089} INFO - 
--------------------------------------------------------------------------------
[2021-07-15 10:44:33,945] {taskinstance.py:1107} INFO - Executing <Task(BashOperator): Hello_Bash> on 2021-07-15T04:26:00+00:00
[2021-07-15 10:44:33,948] {standard_task_runner.py:52} INFO - Started process 2824 to run task
[2021-07-15 10:44:33,952] {standard_task_runner.py:76} INFO - Running: ['***', 'tasks', 'run', 'Treino-01', 'Hello_Bash', '2021-07-15T04:26:00+00:00', '--job-id', '1079', '--pool', 'default_pool', '--raw', '--subdir', 'DAGS_FOLDER/treino01.py', '--cfg-path', '/tmp/tmp2m1mdso9', '--error-file', '/tmp/tmpjwxusk0s']
[2021-07-15 10:44:33,953] {standard_task_runner.py:77} INFO - Job 1079: Subtask Hello_Bash
[2021-07-15 10:44:34,000] {logging_mixin.py:104} INFO - Running <TaskInstance: Treino-01.Hello_Bash 2021-07-15T04:26:00+00:00 [running]> on host 07e9e45ed309
[2021-07-15 10:44:34,050] {taskinstance.py:1302} INFO - Exporting the following env vars:
AIRFLOW_CTX_DAG_EMAIL=brunodba@gmail.com,bruno@highsales.digital
AIRFLOW_CTX_DAG_OWNER=Bruno - IGTI
AIRFLOW_CTX_DAG_ID=Treino-01
AIRFLOW_CTX_TASK_ID=Hello_Bash
AIRFLOW_CTX_EXECUTION_DATE=2021-07-15T04:26:00+00:00
AIRFLOW_CTX_DAG_RUN_ID=scheduled__2021-07-15T04:26:00+00:00
[2021-07-15 10:44:34,051] {subprocess.py:52} INFO - Tmp dir root location: 
 /tmp
[2021-07-15 10:44:34,052] {subprocess.py:63} INFO - Running command: ['bash', '-c', 'echo "Hello Airflow from Bash"']
[2021-07-15 10:44:34,060] {subprocess.py:75} INFO - Output:
[2021-07-15 10:44:34,061] {subprocess.py:79} INFO - Hello Airflow from Bash
[2021-07-15 10:44:34,062] {subprocess.py:83} INFO - Command exited with return code 0
[2021-07-15 10:44:34,093] {taskinstance.py:1211} INFO - Marking task as SUCCESS. dag_id=Treino-01, task_id=Hello_Bash, execution_date=20210715T042600, start_date=20210715T104433, end_date=20210715T104434
[2021-07-15 10:44:34,136] {taskinstance.py:1265} INFO - 1 downstream tasks scheduled from follow-on schedule check
[2021-07-15 10:44:34,167] {local_task_job.py:151} INFO - Task exited with return code 0
