[2021-07-15 10:42:26,227] {taskinstance.py:896} INFO - Dependencies all met for <TaskInstance: Treino-01.Hello_Python 2021-07-14T13:02:00+00:00 [queued]>
[2021-07-15 10:42:26,240] {taskinstance.py:896} INFO - Dependencies all met for <TaskInstance: Treino-01.Hello_Python 2021-07-14T13:02:00+00:00 [queued]>
[2021-07-15 10:42:26,240] {taskinstance.py:1087} INFO - 
--------------------------------------------------------------------------------
[2021-07-15 10:42:26,240] {taskinstance.py:1088} INFO - Starting attempt 1 of 2
[2021-07-15 10:42:26,241] {taskinstance.py:1089} INFO - 
--------------------------------------------------------------------------------
[2021-07-15 10:42:26,256] {taskinstance.py:1107} INFO - Executing <Task(PythonOperator): Hello_Python> on 2021-07-14T13:02:00+00:00
[2021-07-15 10:42:26,265] {standard_task_runner.py:76} INFO - Running: ['***', 'tasks', 'run', 'Treino-01', 'Hello_Python', '2021-07-14T13:02:00+00:00', '--job-id', '162', '--pool', 'default_pool', '--raw', '--subdir', 'DAGS_FOLDER/treino01.py', '--cfg-path', '/tmp/tmpgoe_oyxr', '--error-file', '/tmp/tmp6dt5f90g']
[2021-07-15 10:42:26,266] {standard_task_runner.py:77} INFO - Job 162: Subtask Hello_Python
[2021-07-15 10:42:26,261] {standard_task_runner.py:52} INFO - Started process 360 to run task
[2021-07-15 10:42:26,309] {logging_mixin.py:104} INFO - Running <TaskInstance: Treino-01.Hello_Python 2021-07-14T13:02:00+00:00 [running]> on host 07e9e45ed309
[2021-07-15 10:42:26,359] {taskinstance.py:1302} INFO - Exporting the following env vars:
AIRFLOW_CTX_DAG_EMAIL=brunodba@gmail.com,bruno@highsales.digital
AIRFLOW_CTX_DAG_OWNER=Bruno - IGTI
AIRFLOW_CTX_DAG_ID=Treino-01
AIRFLOW_CTX_TASK_ID=Hello_Python
AIRFLOW_CTX_EXECUTION_DATE=2021-07-14T13:02:00+00:00
AIRFLOW_CTX_DAG_RUN_ID=scheduled__2021-07-14T13:02:00+00:00
[2021-07-15 10:42:26,360] {logging_mixin.py:104} INFO - Hello Airflow from Python
[2021-07-15 10:42:26,360] {python.py:151} INFO - Done. Returned value was: None
[2021-07-15 10:42:26,374] {taskinstance.py:1211} INFO - Marking task as SUCCESS. dag_id=Treino-01, task_id=Hello_Python, execution_date=20210714T130200, start_date=20210715T104226, end_date=20210715T104226
[2021-07-15 10:42:26,404] {taskinstance.py:1265} INFO - 0 downstream tasks scheduled from follow-on schedule check
[2021-07-15 10:42:26,441] {local_task_job.py:151} INFO - Task exited with return code 0
