[2021-07-15 10:44:02,748] {taskinstance.py:896} INFO - Dependencies all met for <TaskInstance: Treino-01.Hello_Bash 2021-07-15T00:44:00+00:00 [queued]>
[2021-07-15 10:44:02,760] {taskinstance.py:896} INFO - Dependencies all met for <TaskInstance: Treino-01.Hello_Bash 2021-07-15T00:44:00+00:00 [queued]>
[2021-07-15 10:44:02,760] {taskinstance.py:1087} INFO - 
--------------------------------------------------------------------------------
[2021-07-15 10:44:02,760] {taskinstance.py:1088} INFO - Starting attempt 1 of 2
[2021-07-15 10:44:02,760] {taskinstance.py:1089} INFO - 
--------------------------------------------------------------------------------
[2021-07-15 10:44:02,774] {taskinstance.py:1107} INFO - Executing <Task(BashOperator): Hello_Bash> on 2021-07-15T00:44:00+00:00
[2021-07-15 10:44:02,777] {standard_task_runner.py:52} INFO - Started process 2224 to run task
[2021-07-15 10:44:02,781] {standard_task_runner.py:76} INFO - Running: ['***', 'tasks', 'run', 'Treino-01', 'Hello_Bash', '2021-07-15T00:44:00+00:00', '--job-id', '858', '--pool', 'default_pool', '--raw', '--subdir', 'DAGS_FOLDER/treino01.py', '--cfg-path', '/tmp/tmp_e_pggwu', '--error-file', '/tmp/tmpc9cq06v_']
[2021-07-15 10:44:02,782] {standard_task_runner.py:77} INFO - Job 858: Subtask Hello_Bash
[2021-07-15 10:44:02,819] {logging_mixin.py:104} INFO - Running <TaskInstance: Treino-01.Hello_Bash 2021-07-15T00:44:00+00:00 [running]> on host 07e9e45ed309
[2021-07-15 10:44:02,867] {taskinstance.py:1302} INFO - Exporting the following env vars:
AIRFLOW_CTX_DAG_EMAIL=brunodba@gmail.com,bruno@highsales.digital
AIRFLOW_CTX_DAG_OWNER=Bruno - IGTI
AIRFLOW_CTX_DAG_ID=Treino-01
AIRFLOW_CTX_TASK_ID=Hello_Bash
AIRFLOW_CTX_EXECUTION_DATE=2021-07-15T00:44:00+00:00
AIRFLOW_CTX_DAG_RUN_ID=scheduled__2021-07-15T00:44:00+00:00
[2021-07-15 10:44:02,868] {subprocess.py:52} INFO - Tmp dir root location: 
 /tmp
[2021-07-15 10:44:02,868] {subprocess.py:63} INFO - Running command: ['bash', '-c', 'echo "Hello Airflow from Bash"']
[2021-07-15 10:44:02,876] {subprocess.py:75} INFO - Output:
[2021-07-15 10:44:02,877] {subprocess.py:79} INFO - Hello Airflow from Bash
[2021-07-15 10:44:02,878] {subprocess.py:83} INFO - Command exited with return code 0
[2021-07-15 10:44:02,909] {taskinstance.py:1211} INFO - Marking task as SUCCESS. dag_id=Treino-01, task_id=Hello_Bash, execution_date=20210715T004400, start_date=20210715T104402, end_date=20210715T104402
[2021-07-15 10:44:02,944] {taskinstance.py:1265} INFO - 1 downstream tasks scheduled from follow-on schedule check
[2021-07-15 10:44:02,955] {local_task_job.py:151} INFO - Task exited with return code 0
