[2021-07-15 10:45:07,621] {taskinstance.py:896} INFO - Dependencies all met for <TaskInstance: Treino-01.Hello_Python 2021-07-15T08:22:00+00:00 [queued]>
[2021-07-15 10:45:07,633] {taskinstance.py:896} INFO - Dependencies all met for <TaskInstance: Treino-01.Hello_Python 2021-07-15T08:22:00+00:00 [queued]>
[2021-07-15 10:45:07,633] {taskinstance.py:1087} INFO - 
--------------------------------------------------------------------------------
[2021-07-15 10:45:07,633] {taskinstance.py:1088} INFO - Starting attempt 1 of 2
[2021-07-15 10:45:07,633] {taskinstance.py:1089} INFO - 
--------------------------------------------------------------------------------
[2021-07-15 10:45:07,650] {taskinstance.py:1107} INFO - Executing <Task(PythonOperator): Hello_Python> on 2021-07-15T08:22:00+00:00
[2021-07-15 10:45:07,653] {standard_task_runner.py:52} INFO - Started process 3476 to run task
[2021-07-15 10:45:07,657] {standard_task_runner.py:76} INFO - Running: ['***', 'tasks', 'run', 'Treino-01', 'Hello_Python', '2021-07-15T08:22:00+00:00', '--job-id', '1321', '--pool', 'default_pool', '--raw', '--subdir', 'DAGS_FOLDER/treino01.py', '--cfg-path', '/tmp/tmpghots5u6', '--error-file', '/tmp/tmptx1e25r2']
[2021-07-15 10:45:07,658] {standard_task_runner.py:77} INFO - Job 1321: Subtask Hello_Python
[2021-07-15 10:45:07,702] {logging_mixin.py:104} INFO - Running <TaskInstance: Treino-01.Hello_Python 2021-07-15T08:22:00+00:00 [running]> on host 07e9e45ed309
[2021-07-15 10:45:07,746] {taskinstance.py:1302} INFO - Exporting the following env vars:
AIRFLOW_CTX_DAG_EMAIL=brunodba@gmail.com,bruno@highsales.digital
AIRFLOW_CTX_DAG_OWNER=Bruno - IGTI
AIRFLOW_CTX_DAG_ID=Treino-01
AIRFLOW_CTX_TASK_ID=Hello_Python
AIRFLOW_CTX_EXECUTION_DATE=2021-07-15T08:22:00+00:00
AIRFLOW_CTX_DAG_RUN_ID=scheduled__2021-07-15T08:22:00+00:00
[2021-07-15 10:45:07,747] {logging_mixin.py:104} INFO - Hello Airflow from Python
[2021-07-15 10:45:07,747] {python.py:151} INFO - Done. Returned value was: None
[2021-07-15 10:45:07,757] {taskinstance.py:1211} INFO - Marking task as SUCCESS. dag_id=Treino-01, task_id=Hello_Python, execution_date=20210715T082200, start_date=20210715T104507, end_date=20210715T104507
[2021-07-15 10:45:07,781] {taskinstance.py:1265} INFO - 0 downstream tasks scheduled from follow-on schedule check
[2021-07-15 10:45:07,791] {local_task_job.py:151} INFO - Task exited with return code 0
