[2021-07-15 11:02:01,820] {taskinstance.py:896} INFO - Dependencies all met for <TaskInstance: Treino-01.Hello_Python 2021-07-15T11:00:00+00:00 [queued]>
[2021-07-15 11:02:01,829] {taskinstance.py:896} INFO - Dependencies all met for <TaskInstance: Treino-01.Hello_Python 2021-07-15T11:00:00+00:00 [queued]>
[2021-07-15 11:02:01,830] {taskinstance.py:1087} INFO - 
--------------------------------------------------------------------------------
[2021-07-15 11:02:01,830] {taskinstance.py:1088} INFO - Starting attempt 1 of 2
[2021-07-15 11:02:01,830] {taskinstance.py:1089} INFO - 
--------------------------------------------------------------------------------
[2021-07-15 11:02:01,841] {taskinstance.py:1107} INFO - Executing <Task(PythonOperator): Hello_Python> on 2021-07-15T11:00:00+00:00
[2021-07-15 11:02:01,844] {standard_task_runner.py:52} INFO - Started process 5287 to run task
[2021-07-15 11:02:01,847] {standard_task_runner.py:76} INFO - Running: ['***', 'tasks', 'run', 'Treino-01', 'Hello_Python', '2021-07-15T11:00:00+00:00', '--job-id', '1477', '--pool', 'default_pool', '--raw', '--subdir', 'DAGS_FOLDER/treino01.py', '--cfg-path', '/tmp/tmpn2iivayy', '--error-file', '/tmp/tmpnd22fy49']
[2021-07-15 11:02:01,848] {standard_task_runner.py:77} INFO - Job 1477: Subtask Hello_Python
[2021-07-15 11:02:01,883] {logging_mixin.py:104} INFO - Running <TaskInstance: Treino-01.Hello_Python 2021-07-15T11:00:00+00:00 [running]> on host 07e9e45ed309
[2021-07-15 11:02:01,923] {taskinstance.py:1302} INFO - Exporting the following env vars:
AIRFLOW_CTX_DAG_EMAIL=bruno@***.com.br,bruno@bruno.com.br
AIRFLOW_CTX_DAG_OWNER=Bruno - IGTI
AIRFLOW_CTX_DAG_ID=Treino-01
AIRFLOW_CTX_TASK_ID=Hello_Python
AIRFLOW_CTX_EXECUTION_DATE=2021-07-15T11:00:00+00:00
AIRFLOW_CTX_DAG_RUN_ID=scheduled__2021-07-15T11:00:00+00:00
[2021-07-15 11:02:01,923] {logging_mixin.py:104} INFO - Hello Airflow from Python
[2021-07-15 11:02:01,923] {python.py:151} INFO - Done. Returned value was: None
[2021-07-15 11:02:01,933] {taskinstance.py:1211} INFO - Marking task as SUCCESS. dag_id=Treino-01, task_id=Hello_Python, execution_date=20210715T110000, start_date=20210715T110201, end_date=20210715T110201
[2021-07-15 11:02:01,954] {taskinstance.py:1265} INFO - 0 downstream tasks scheduled from follow-on schedule check
[2021-07-15 11:02:01,980] {local_task_job.py:151} INFO - Task exited with return code 0
