[2021-07-14 11:19:37,952] {taskinstance.py:896} INFO - Dependencies all met for <TaskInstance: Treino-01.Hello_Bash 2021-07-14T10:52:00+00:00 [queued]>
[2021-07-14 11:19:37,968] {taskinstance.py:896} INFO - Dependencies all met for <TaskInstance: Treino-01.Hello_Bash 2021-07-14T10:52:00+00:00 [queued]>
[2021-07-14 11:19:37,969] {taskinstance.py:1087} INFO - 
--------------------------------------------------------------------------------
[2021-07-14 11:19:37,969] {taskinstance.py:1088} INFO - Starting attempt 1 of 2
[2021-07-14 11:19:37,969] {taskinstance.py:1089} INFO - 
--------------------------------------------------------------------------------
[2021-07-14 11:19:37,984] {taskinstance.py:1107} INFO - Executing <Task(BashOperator): Hello_Bash> on 2021-07-14T10:52:00+00:00
[2021-07-14 11:19:37,989] {standard_task_runner.py:52} INFO - Started process 2636 to run task
[2021-07-14 11:19:37,993] {standard_task_runner.py:76} INFO - Running: ['***', 'tasks', 'run', 'Treino-01', 'Hello_Bash', '2021-07-14T10:52:00+00:00', '--job-id', '24', '--pool', 'default_pool', '--raw', '--subdir', 'DAGS_FOLDER/treino01.py', '--cfg-path', '/tmp/tmpvrgo73xr', '--error-file', '/tmp/tmp43jjyoam']
[2021-07-14 11:19:37,993] {standard_task_runner.py:77} INFO - Job 24: Subtask Hello_Bash
[2021-07-14 11:19:38,033] {logging_mixin.py:104} INFO - Running <TaskInstance: Treino-01.Hello_Bash 2021-07-14T10:52:00+00:00 [running]> on host dd5d7ce4b121
[2021-07-14 11:19:38,085] {taskinstance.py:1302} INFO - Exporting the following env vars:
AIRFLOW_CTX_DAG_EMAIL=brunodba@gmail.com,bruno@highsales.digital
AIRFLOW_CTX_DAG_OWNER=Bruno - IGTI
AIRFLOW_CTX_DAG_ID=Treino-01
AIRFLOW_CTX_TASK_ID=Hello_Bash
AIRFLOW_CTX_EXECUTION_DATE=2021-07-14T10:52:00+00:00
AIRFLOW_CTX_DAG_RUN_ID=scheduled__2021-07-14T10:52:00+00:00
[2021-07-14 11:19:38,086] {subprocess.py:52} INFO - Tmp dir root location: 
 /tmp
[2021-07-14 11:19:38,087] {subprocess.py:63} INFO - Running command: ['bash', '-c', 'echo "Hello Airflow from Bash"']
[2021-07-14 11:19:38,098] {subprocess.py:75} INFO - Output:
[2021-07-14 11:19:38,098] {subprocess.py:79} INFO - Hello Airflow from Bash
[2021-07-14 11:19:38,099] {subprocess.py:83} INFO - Command exited with return code 0
[2021-07-14 11:19:38,141] {taskinstance.py:1211} INFO - Marking task as SUCCESS. dag_id=Treino-01, task_id=Hello_Bash, execution_date=20210714T105200, start_date=20210714T111937, end_date=20210714T111938
[2021-07-14 11:19:38,178] {taskinstance.py:1265} INFO - 1 downstream tasks scheduled from follow-on schedule check
[2021-07-14 11:19:38,206] {local_task_job.py:151} INFO - Task exited with return code 0
