[2021-07-15 10:45:27,948] {taskinstance.py:896} INFO - Dependencies all met for <TaskInstance: Treino-01.Hello_Python 2021-07-15T10:42:00+00:00 [queued]>
[2021-07-15 10:45:27,959] {taskinstance.py:896} INFO - Dependencies all met for <TaskInstance: Treino-01.Hello_Python 2021-07-15T10:42:00+00:00 [queued]>
[2021-07-15 10:45:27,959] {taskinstance.py:1087} INFO - 
--------------------------------------------------------------------------------
[2021-07-15 10:45:27,959] {taskinstance.py:1088} INFO - Starting attempt 1 of 2
[2021-07-15 10:45:27,960] {taskinstance.py:1089} INFO - 
--------------------------------------------------------------------------------
[2021-07-15 10:45:27,971] {taskinstance.py:1107} INFO - Executing <Task(PythonOperator): Hello_Python> on 2021-07-15T10:42:00+00:00
[2021-07-15 10:45:27,974] {standard_task_runner.py:52} INFO - Started process 3836 to run task
[2021-07-15 10:45:27,977] {standard_task_runner.py:76} INFO - Running: ['***', 'tasks', 'run', 'Treino-01', 'Hello_Python', '2021-07-15T10:42:00+00:00', '--job-id', '1459', '--pool', 'default_pool', '--raw', '--subdir', 'DAGS_FOLDER/treino01.py', '--cfg-path', '/tmp/tmpq0l5ynpt', '--error-file', '/tmp/tmp3r7c2wu6']
[2021-07-15 10:45:27,978] {standard_task_runner.py:77} INFO - Job 1459: Subtask Hello_Python
[2021-07-15 10:45:28,011] {logging_mixin.py:104} INFO - Running <TaskInstance: Treino-01.Hello_Python 2021-07-15T10:42:00+00:00 [running]> on host 07e9e45ed309
[2021-07-15 10:45:28,052] {taskinstance.py:1302} INFO - Exporting the following env vars:
AIRFLOW_CTX_DAG_EMAIL=brunodba@gmail.com,bruno@highsales.digital
AIRFLOW_CTX_DAG_OWNER=Bruno - IGTI
AIRFLOW_CTX_DAG_ID=Treino-01
AIRFLOW_CTX_TASK_ID=Hello_Python
AIRFLOW_CTX_EXECUTION_DATE=2021-07-15T10:42:00+00:00
AIRFLOW_CTX_DAG_RUN_ID=scheduled__2021-07-15T10:42:00+00:00
[2021-07-15 10:45:28,052] {logging_mixin.py:104} INFO - Hello Airflow from Python
[2021-07-15 10:45:28,052] {python.py:151} INFO - Done. Returned value was: None
[2021-07-15 10:45:28,062] {taskinstance.py:1211} INFO - Marking task as SUCCESS. dag_id=Treino-01, task_id=Hello_Python, execution_date=20210715T104200, start_date=20210715T104527, end_date=20210715T104528
[2021-07-15 10:45:28,082] {taskinstance.py:1265} INFO - 0 downstream tasks scheduled from follow-on schedule check
[2021-07-15 10:45:28,111] {local_task_job.py:151} INFO - Task exited with return code 0
