[2021-07-15 10:43:37,966] {taskinstance.py:896} INFO - Dependencies all met for <TaskInstance: Treino-01.Hello_Python 2021-07-14T21:48:00+00:00 [queued]>
[2021-07-15 10:43:37,976] {taskinstance.py:896} INFO - Dependencies all met for <TaskInstance: Treino-01.Hello_Python 2021-07-14T21:48:00+00:00 [queued]>
[2021-07-15 10:43:37,976] {taskinstance.py:1087} INFO - 
--------------------------------------------------------------------------------
[2021-07-15 10:43:37,976] {taskinstance.py:1088} INFO - Starting attempt 1 of 2
[2021-07-15 10:43:37,977] {taskinstance.py:1089} INFO - 
--------------------------------------------------------------------------------
[2021-07-15 10:43:37,991] {taskinstance.py:1107} INFO - Executing <Task(PythonOperator): Hello_Python> on 2021-07-14T21:48:00+00:00
[2021-07-15 10:43:37,994] {standard_task_runner.py:52} INFO - Started process 1763 to run task
[2021-07-15 10:43:37,998] {standard_task_runner.py:76} INFO - Running: ['***', 'tasks', 'run', 'Treino-01', 'Hello_Python', '2021-07-14T21:48:00+00:00', '--job-id', '687', '--pool', 'default_pool', '--raw', '--subdir', 'DAGS_FOLDER/treino01.py', '--cfg-path', '/tmp/tmpd749tq2u', '--error-file', '/tmp/tmptpnt6dfl']
[2021-07-15 10:43:37,999] {standard_task_runner.py:77} INFO - Job 687: Subtask Hello_Python
[2021-07-15 10:43:38,038] {logging_mixin.py:104} INFO - Running <TaskInstance: Treino-01.Hello_Python 2021-07-14T21:48:00+00:00 [running]> on host 07e9e45ed309
[2021-07-15 10:43:38,085] {taskinstance.py:1302} INFO - Exporting the following env vars:
AIRFLOW_CTX_DAG_EMAIL=brunodba@gmail.com,bruno@highsales.digital
AIRFLOW_CTX_DAG_OWNER=Bruno - IGTI
AIRFLOW_CTX_DAG_ID=Treino-01
AIRFLOW_CTX_TASK_ID=Hello_Python
AIRFLOW_CTX_EXECUTION_DATE=2021-07-14T21:48:00+00:00
AIRFLOW_CTX_DAG_RUN_ID=scheduled__2021-07-14T21:48:00+00:00
[2021-07-15 10:43:38,085] {logging_mixin.py:104} INFO - Hello Airflow from Python
[2021-07-15 10:43:38,086] {python.py:151} INFO - Done. Returned value was: None
[2021-07-15 10:43:38,096] {taskinstance.py:1211} INFO - Marking task as SUCCESS. dag_id=Treino-01, task_id=Hello_Python, execution_date=20210714T214800, start_date=20210715T104337, end_date=20210715T104338
[2021-07-15 10:43:38,124] {taskinstance.py:1265} INFO - 0 downstream tasks scheduled from follow-on schedule check
[2021-07-15 10:43:38,172] {local_task_job.py:151} INFO - Task exited with return code 0
