[2021-07-15 11:18:01,865] {taskinstance.py:896} INFO - Dependencies all met for <TaskInstance: Treino-01.Hello_Python 2021-07-15T11:16:00+00:00 [queued]>
[2021-07-15 11:18:01,874] {taskinstance.py:896} INFO - Dependencies all met for <TaskInstance: Treino-01.Hello_Python 2021-07-15T11:16:00+00:00 [queued]>
[2021-07-15 11:18:01,874] {taskinstance.py:1087} INFO - 
--------------------------------------------------------------------------------
[2021-07-15 11:18:01,874] {taskinstance.py:1088} INFO - Starting attempt 1 of 2
[2021-07-15 11:18:01,874] {taskinstance.py:1089} INFO - 
--------------------------------------------------------------------------------
[2021-07-15 11:18:01,885] {taskinstance.py:1107} INFO - Executing <Task(PythonOperator): Hello_Python> on 2021-07-15T11:16:00+00:00
[2021-07-15 11:18:01,888] {standard_task_runner.py:52} INFO - Started process 6687 to run task
[2021-07-15 11:18:01,891] {standard_task_runner.py:76} INFO - Running: ['***', 'tasks', 'run', 'Treino-01', 'Hello_Python', '2021-07-15T11:16:00+00:00', '--job-id', '1493', '--pool', 'default_pool', '--raw', '--subdir', 'DAGS_FOLDER/treino01.py', '--cfg-path', '/tmp/tmpph77sr29', '--error-file', '/tmp/tmpwq6bm5yv']
[2021-07-15 11:18:01,892] {standard_task_runner.py:77} INFO - Job 1493: Subtask Hello_Python
[2021-07-15 11:18:01,923] {logging_mixin.py:104} INFO - Running <TaskInstance: Treino-01.Hello_Python 2021-07-15T11:16:00+00:00 [running]> on host 07e9e45ed309
[2021-07-15 11:18:01,961] {taskinstance.py:1302} INFO - Exporting the following env vars:
AIRFLOW_CTX_DAG_EMAIL=bruno@***.com.br,bruno@bruno.com.br
AIRFLOW_CTX_DAG_OWNER=Bruno - IGTI
AIRFLOW_CTX_DAG_ID=Treino-01
AIRFLOW_CTX_TASK_ID=Hello_Python
AIRFLOW_CTX_EXECUTION_DATE=2021-07-15T11:16:00+00:00
AIRFLOW_CTX_DAG_RUN_ID=scheduled__2021-07-15T11:16:00+00:00
[2021-07-15 11:18:01,962] {logging_mixin.py:104} INFO - Hello Airflow from Python
[2021-07-15 11:18:01,962] {python.py:151} INFO - Done. Returned value was: None
[2021-07-15 11:18:01,971] {taskinstance.py:1211} INFO - Marking task as SUCCESS. dag_id=Treino-01, task_id=Hello_Python, execution_date=20210715T111600, start_date=20210715T111801, end_date=20210715T111801
[2021-07-15 11:18:01,991] {taskinstance.py:1265} INFO - 0 downstream tasks scheduled from follow-on schedule check
[2021-07-15 11:18:02,024] {local_task_job.py:151} INFO - Task exited with return code 0
