[2021-07-15 11:50:01,687] {taskinstance.py:896} INFO - Dependencies all met for <TaskInstance: Treino-01.Hello_Python 2021-07-15T11:48:00+00:00 [queued]>
[2021-07-15 11:50:01,696] {taskinstance.py:896} INFO - Dependencies all met for <TaskInstance: Treino-01.Hello_Python 2021-07-15T11:48:00+00:00 [queued]>
[2021-07-15 11:50:01,696] {taskinstance.py:1087} INFO - 
--------------------------------------------------------------------------------
[2021-07-15 11:50:01,696] {taskinstance.py:1088} INFO - Starting attempt 1 of 2
[2021-07-15 11:50:01,696] {taskinstance.py:1089} INFO - 
--------------------------------------------------------------------------------
[2021-07-15 11:50:01,707] {taskinstance.py:1107} INFO - Executing <Task(PythonOperator): Hello_Python> on 2021-07-15T11:48:00+00:00
[2021-07-15 11:50:01,710] {standard_task_runner.py:52} INFO - Started process 9992 to run task
[2021-07-15 11:50:01,713] {standard_task_runner.py:76} INFO - Running: ['***', 'tasks', 'run', 'Treino-01', 'Hello_Python', '2021-07-15T11:48:00+00:00', '--job-id', '1653', '--pool', 'default_pool', '--raw', '--subdir', 'DAGS_FOLDER/treino01.py', '--cfg-path', '/tmp/tmpnjcay3n7', '--error-file', '/tmp/tmpofquky9q']
[2021-07-15 11:50:01,714] {standard_task_runner.py:77} INFO - Job 1653: Subtask Hello_Python
[2021-07-15 11:50:01,745] {logging_mixin.py:104} INFO - Running <TaskInstance: Treino-01.Hello_Python 2021-07-15T11:48:00+00:00 [running]> on host 07e9e45ed309
[2021-07-15 11:50:01,785] {taskinstance.py:1302} INFO - Exporting the following env vars:
AIRFLOW_CTX_DAG_EMAIL=bruno@***.com.br,bruno@bruno.com.br
AIRFLOW_CTX_DAG_OWNER=Bruno - IGTI
AIRFLOW_CTX_DAG_ID=Treino-01
AIRFLOW_CTX_TASK_ID=Hello_Python
AIRFLOW_CTX_EXECUTION_DATE=2021-07-15T11:48:00+00:00
AIRFLOW_CTX_DAG_RUN_ID=scheduled__2021-07-15T11:48:00+00:00
[2021-07-15 11:50:01,786] {logging_mixin.py:104} INFO - Hello Airflow from Python
[2021-07-15 11:50:01,786] {python.py:151} INFO - Done. Returned value was: None
[2021-07-15 11:50:01,795] {taskinstance.py:1211} INFO - Marking task as SUCCESS. dag_id=Treino-01, task_id=Hello_Python, execution_date=20210715T114800, start_date=20210715T115001, end_date=20210715T115001
[2021-07-15 11:50:01,815] {taskinstance.py:1265} INFO - 0 downstream tasks scheduled from follow-on schedule check
[2021-07-15 11:50:01,847] {local_task_job.py:151} INFO - Task exited with return code 0
