[2021-07-15 10:43:30,527] {taskinstance.py:896} INFO - Dependencies all met for <TaskInstance: Treino-01.Hello_Python 2021-07-14T20:50:00+00:00 [queued]>
[2021-07-15 10:43:30,538] {taskinstance.py:896} INFO - Dependencies all met for <TaskInstance: Treino-01.Hello_Python 2021-07-14T20:50:00+00:00 [queued]>
[2021-07-15 10:43:30,539] {taskinstance.py:1087} INFO - 
--------------------------------------------------------------------------------
[2021-07-15 10:43:30,539] {taskinstance.py:1088} INFO - Starting attempt 1 of 2
[2021-07-15 10:43:30,539] {taskinstance.py:1089} INFO - 
--------------------------------------------------------------------------------
[2021-07-15 10:43:30,554] {taskinstance.py:1107} INFO - Executing <Task(PythonOperator): Hello_Python> on 2021-07-14T20:50:00+00:00
[2021-07-15 10:43:30,557] {standard_task_runner.py:52} INFO - Started process 1618 to run task
[2021-07-15 10:43:30,561] {standard_task_runner.py:76} INFO - Running: ['***', 'tasks', 'run', 'Treino-01', 'Hello_Python', '2021-07-14T20:50:00+00:00', '--job-id', '629', '--pool', 'default_pool', '--raw', '--subdir', 'DAGS_FOLDER/treino01.py', '--cfg-path', '/tmp/tmpuioshq9u', '--error-file', '/tmp/tmpc2mqohnp']
[2021-07-15 10:43:30,561] {standard_task_runner.py:77} INFO - Job 629: Subtask Hello_Python
[2021-07-15 10:43:30,600] {logging_mixin.py:104} INFO - Running <TaskInstance: Treino-01.Hello_Python 2021-07-14T20:50:00+00:00 [running]> on host 07e9e45ed309
[2021-07-15 10:43:30,650] {taskinstance.py:1302} INFO - Exporting the following env vars:
AIRFLOW_CTX_DAG_EMAIL=brunodba@gmail.com,bruno@highsales.digital
AIRFLOW_CTX_DAG_OWNER=Bruno - IGTI
AIRFLOW_CTX_DAG_ID=Treino-01
AIRFLOW_CTX_TASK_ID=Hello_Python
AIRFLOW_CTX_EXECUTION_DATE=2021-07-14T20:50:00+00:00
AIRFLOW_CTX_DAG_RUN_ID=scheduled__2021-07-14T20:50:00+00:00
[2021-07-15 10:43:30,650] {logging_mixin.py:104} INFO - Hello Airflow from Python
[2021-07-15 10:43:30,650] {python.py:151} INFO - Done. Returned value was: None
[2021-07-15 10:43:30,661] {taskinstance.py:1211} INFO - Marking task as SUCCESS. dag_id=Treino-01, task_id=Hello_Python, execution_date=20210714T205000, start_date=20210715T104330, end_date=20210715T104330
[2021-07-15 10:43:30,694] {taskinstance.py:1265} INFO - 0 downstream tasks scheduled from follow-on schedule check
[2021-07-15 10:43:30,734] {local_task_job.py:151} INFO - Task exited with return code 0
