[2021-07-15 10:45:16,641] {taskinstance.py:896} INFO - Dependencies all met for <TaskInstance: Treino-01.Hello_Python 2021-07-15T09:28:00+00:00 [queued]>
[2021-07-15 10:45:16,653] {taskinstance.py:896} INFO - Dependencies all met for <TaskInstance: Treino-01.Hello_Python 2021-07-15T09:28:00+00:00 [queued]>
[2021-07-15 10:45:16,654] {taskinstance.py:1087} INFO - 
--------------------------------------------------------------------------------
[2021-07-15 10:45:16,654] {taskinstance.py:1088} INFO - Starting attempt 1 of 2
[2021-07-15 10:45:16,654] {taskinstance.py:1089} INFO - 
--------------------------------------------------------------------------------
[2021-07-15 10:45:16,674] {taskinstance.py:1107} INFO - Executing <Task(PythonOperator): Hello_Python> on 2021-07-15T09:28:00+00:00
[2021-07-15 10:45:16,677] {standard_task_runner.py:52} INFO - Started process 3654 to run task
[2021-07-15 10:45:16,681] {standard_task_runner.py:76} INFO - Running: ['***', 'tasks', 'run', 'Treino-01', 'Hello_Python', '2021-07-15T09:28:00+00:00', '--job-id', '1388', '--pool', 'default_pool', '--raw', '--subdir', 'DAGS_FOLDER/treino01.py', '--cfg-path', '/tmp/tmpzft_3tgx', '--error-file', '/tmp/tmpt4bnvb9v']
[2021-07-15 10:45:16,682] {standard_task_runner.py:77} INFO - Job 1388: Subtask Hello_Python
[2021-07-15 10:45:16,740] {logging_mixin.py:104} INFO - Running <TaskInstance: Treino-01.Hello_Python 2021-07-15T09:28:00+00:00 [running]> on host 07e9e45ed309
[2021-07-15 10:45:16,795] {taskinstance.py:1302} INFO - Exporting the following env vars:
AIRFLOW_CTX_DAG_EMAIL=brunodba@gmail.com,bruno@highsales.digital
AIRFLOW_CTX_DAG_OWNER=Bruno - IGTI
AIRFLOW_CTX_DAG_ID=Treino-01
AIRFLOW_CTX_TASK_ID=Hello_Python
AIRFLOW_CTX_EXECUTION_DATE=2021-07-15T09:28:00+00:00
AIRFLOW_CTX_DAG_RUN_ID=scheduled__2021-07-15T09:28:00+00:00
[2021-07-15 10:45:16,796] {logging_mixin.py:104} INFO - Hello Airflow from Python
[2021-07-15 10:45:16,796] {python.py:151} INFO - Done. Returned value was: None
[2021-07-15 10:45:16,810] {taskinstance.py:1211} INFO - Marking task as SUCCESS. dag_id=Treino-01, task_id=Hello_Python, execution_date=20210715T092800, start_date=20210715T104516, end_date=20210715T104516
[2021-07-15 10:45:16,877] {taskinstance.py:1265} INFO - 0 downstream tasks scheduled from follow-on schedule check
[2021-07-15 10:45:16,897] {local_task_job.py:151} INFO - Task exited with return code 0
