[2021-07-15 10:44:33,104] {taskinstance.py:896} INFO - Dependencies all met for <TaskInstance: Treino-01.Hello_Python 2021-07-15T04:14:00+00:00 [queued]>
[2021-07-15 10:44:33,116] {taskinstance.py:896} INFO - Dependencies all met for <TaskInstance: Treino-01.Hello_Python 2021-07-15T04:14:00+00:00 [queued]>
[2021-07-15 10:44:33,117] {taskinstance.py:1087} INFO - 
--------------------------------------------------------------------------------
[2021-07-15 10:44:33,117] {taskinstance.py:1088} INFO - Starting attempt 1 of 2
[2021-07-15 10:44:33,117] {taskinstance.py:1089} INFO - 
--------------------------------------------------------------------------------
[2021-07-15 10:44:33,132] {taskinstance.py:1107} INFO - Executing <Task(PythonOperator): Hello_Python> on 2021-07-15T04:14:00+00:00
[2021-07-15 10:44:33,138] {standard_task_runner.py:76} INFO - Running: ['***', 'tasks', 'run', 'Treino-01', 'Hello_Python', '2021-07-15T04:14:00+00:00', '--job-id', '1073', '--pool', 'default_pool', '--raw', '--subdir', 'DAGS_FOLDER/treino01.py', '--cfg-path', '/tmp/tmpbxjmlvdf', '--error-file', '/tmp/tmp75jd7m38']
[2021-07-15 10:44:33,139] {standard_task_runner.py:77} INFO - Job 1073: Subtask Hello_Python
[2021-07-15 10:44:33,135] {standard_task_runner.py:52} INFO - Started process 2797 to run task
[2021-07-15 10:44:33,175] {logging_mixin.py:104} INFO - Running <TaskInstance: Treino-01.Hello_Python 2021-07-15T04:14:00+00:00 [running]> on host 07e9e45ed309
[2021-07-15 10:44:33,220] {taskinstance.py:1302} INFO - Exporting the following env vars:
AIRFLOW_CTX_DAG_EMAIL=brunodba@gmail.com,bruno@highsales.digital
AIRFLOW_CTX_DAG_OWNER=Bruno - IGTI
AIRFLOW_CTX_DAG_ID=Treino-01
AIRFLOW_CTX_TASK_ID=Hello_Python
AIRFLOW_CTX_EXECUTION_DATE=2021-07-15T04:14:00+00:00
AIRFLOW_CTX_DAG_RUN_ID=scheduled__2021-07-15T04:14:00+00:00
[2021-07-15 10:44:33,221] {logging_mixin.py:104} INFO - Hello Airflow from Python
[2021-07-15 10:44:33,221] {python.py:151} INFO - Done. Returned value was: None
[2021-07-15 10:44:33,233] {taskinstance.py:1211} INFO - Marking task as SUCCESS. dag_id=Treino-01, task_id=Hello_Python, execution_date=20210715T041400, start_date=20210715T104433, end_date=20210715T104433
[2021-07-15 10:44:33,258] {taskinstance.py:1265} INFO - 0 downstream tasks scheduled from follow-on schedule check
[2021-07-15 10:44:33,272] {local_task_job.py:151} INFO - Task exited with return code 0
