[2021-07-14 11:19:36,067] {taskinstance.py:896} INFO - Dependencies all met for <TaskInstance: Treino-01.Hello_Bash 2021-07-14T10:40:00+00:00 [queued]>
[2021-07-14 11:19:36,081] {taskinstance.py:896} INFO - Dependencies all met for <TaskInstance: Treino-01.Hello_Bash 2021-07-14T10:40:00+00:00 [queued]>
[2021-07-14 11:19:36,082] {taskinstance.py:1087} INFO - 
--------------------------------------------------------------------------------
[2021-07-14 11:19:36,083] {taskinstance.py:1088} INFO - Starting attempt 1 of 2
[2021-07-14 11:19:36,083] {taskinstance.py:1089} INFO - 
--------------------------------------------------------------------------------
[2021-07-14 11:19:36,098] {taskinstance.py:1107} INFO - Executing <Task(BashOperator): Hello_Bash> on 2021-07-14T10:40:00+00:00
[2021-07-14 11:19:36,107] {standard_task_runner.py:76} INFO - Running: ['***', 'tasks', 'run', 'Treino-01', 'Hello_Bash', '2021-07-14T10:40:00+00:00', '--job-id', '11', '--pool', 'default_pool', '--raw', '--subdir', 'DAGS_FOLDER/treino01.py', '--cfg-path', '/tmp/tmp3js1eor4', '--error-file', '/tmp/tmpe7ngbir5']
[2021-07-14 11:19:36,109] {standard_task_runner.py:77} INFO - Job 11: Subtask Hello_Bash
[2021-07-14 11:19:36,103] {standard_task_runner.py:52} INFO - Started process 2604 to run task
[2021-07-14 11:19:36,170] {logging_mixin.py:104} INFO - Running <TaskInstance: Treino-01.Hello_Bash 2021-07-14T10:40:00+00:00 [running]> on host dd5d7ce4b121
[2021-07-14 11:19:36,222] {taskinstance.py:1302} INFO - Exporting the following env vars:
AIRFLOW_CTX_DAG_EMAIL=brunodba@gmail.com,bruno@highsales.digital
AIRFLOW_CTX_DAG_OWNER=Bruno - IGTI
AIRFLOW_CTX_DAG_ID=Treino-01
AIRFLOW_CTX_TASK_ID=Hello_Bash
AIRFLOW_CTX_EXECUTION_DATE=2021-07-14T10:40:00+00:00
AIRFLOW_CTX_DAG_RUN_ID=scheduled__2021-07-14T10:40:00+00:00
[2021-07-14 11:19:36,223] {subprocess.py:52} INFO - Tmp dir root location: 
 /tmp
[2021-07-14 11:19:36,224] {subprocess.py:63} INFO - Running command: ['bash', '-c', 'echo "Hello Airflow from Bash"']
[2021-07-14 11:19:36,234] {subprocess.py:75} INFO - Output:
[2021-07-14 11:19:36,238] {subprocess.py:79} INFO - Hello Airflow from Bash
[2021-07-14 11:19:36,239] {subprocess.py:83} INFO - Command exited with return code 0
[2021-07-14 11:19:36,283] {taskinstance.py:1211} INFO - Marking task as SUCCESS. dag_id=Treino-01, task_id=Hello_Bash, execution_date=20210714T104000, start_date=20210714T111936, end_date=20210714T111936
[2021-07-14 11:19:36,326] {taskinstance.py:1265} INFO - 1 downstream tasks scheduled from follow-on schedule check
[2021-07-14 11:19:36,372] {local_task_job.py:151} INFO - Task exited with return code 0
