[2021-07-15 10:44:53,777] {taskinstance.py:896} INFO - Dependencies all met for <TaskInstance: Treino-01.Hello_Bash 2021-07-15T06:48:00+00:00 [queued]>
[2021-07-15 10:44:53,796] {taskinstance.py:896} INFO - Dependencies all met for <TaskInstance: Treino-01.Hello_Bash 2021-07-15T06:48:00+00:00 [queued]>
[2021-07-15 10:44:53,796] {taskinstance.py:1087} INFO - 
--------------------------------------------------------------------------------
[2021-07-15 10:44:53,798] {taskinstance.py:1088} INFO - Starting attempt 1 of 2
[2021-07-15 10:44:53,798] {taskinstance.py:1089} INFO - 
--------------------------------------------------------------------------------
[2021-07-15 10:44:53,813] {taskinstance.py:1107} INFO - Executing <Task(BashOperator): Hello_Bash> on 2021-07-15T06:48:00+00:00
[2021-07-15 10:44:53,820] {standard_task_runner.py:76} INFO - Running: ['***', 'tasks', 'run', 'Treino-01', 'Hello_Bash', '2021-07-15T06:48:00+00:00', '--job-id', '1221', '--pool', 'default_pool', '--raw', '--subdir', 'DAGS_FOLDER/treino01.py', '--cfg-path', '/tmp/tmp1o52j681', '--error-file', '/tmp/tmp3jpt3nxa']
[2021-07-15 10:44:53,816] {standard_task_runner.py:52} INFO - Started process 3209 to run task
[2021-07-15 10:44:53,821] {standard_task_runner.py:77} INFO - Job 1221: Subtask Hello_Bash
[2021-07-15 10:44:53,860] {logging_mixin.py:104} INFO - Running <TaskInstance: Treino-01.Hello_Bash 2021-07-15T06:48:00+00:00 [running]> on host 07e9e45ed309
[2021-07-15 10:44:53,912] {taskinstance.py:1302} INFO - Exporting the following env vars:
AIRFLOW_CTX_DAG_EMAIL=brunodba@gmail.com,bruno@highsales.digital
AIRFLOW_CTX_DAG_OWNER=Bruno - IGTI
AIRFLOW_CTX_DAG_ID=Treino-01
AIRFLOW_CTX_TASK_ID=Hello_Bash
AIRFLOW_CTX_EXECUTION_DATE=2021-07-15T06:48:00+00:00
AIRFLOW_CTX_DAG_RUN_ID=scheduled__2021-07-15T06:48:00+00:00
[2021-07-15 10:44:53,912] {subprocess.py:52} INFO - Tmp dir root location: 
 /tmp
[2021-07-15 10:44:53,913] {subprocess.py:63} INFO - Running command: ['bash', '-c', 'echo "Hello Airflow from Bash"']
[2021-07-15 10:44:53,921] {subprocess.py:75} INFO - Output:
[2021-07-15 10:44:53,922] {subprocess.py:79} INFO - Hello Airflow from Bash
[2021-07-15 10:44:53,923] {subprocess.py:83} INFO - Command exited with return code 0
[2021-07-15 10:44:53,950] {taskinstance.py:1211} INFO - Marking task as SUCCESS. dag_id=Treino-01, task_id=Hello_Bash, execution_date=20210715T064800, start_date=20210715T104453, end_date=20210715T104453
[2021-07-15 10:44:53,982] {taskinstance.py:1265} INFO - 1 downstream tasks scheduled from follow-on schedule check
[2021-07-15 10:44:53,994] {local_task_job.py:151} INFO - Task exited with return code 0
