[2021-07-15 10:41:50,475] {taskinstance.py:896} INFO - Dependencies all met for <TaskInstance: Treino-01.Hello_Bash 2021-07-14T11:30:00+00:00 [queued]>
[2021-07-15 10:41:50,581] {taskinstance.py:896} INFO - Dependencies all met for <TaskInstance: Treino-01.Hello_Bash 2021-07-14T11:30:00+00:00 [queued]>
[2021-07-15 10:41:50,591] {taskinstance.py:1087} INFO - 
--------------------------------------------------------------------------------
[2021-07-15 10:41:50,592] {taskinstance.py:1088} INFO - Starting attempt 1 of 2
[2021-07-15 10:41:50,592] {taskinstance.py:1089} INFO - 
--------------------------------------------------------------------------------
[2021-07-15 10:41:50,684] {taskinstance.py:1107} INFO - Executing <Task(BashOperator): Hello_Bash> on 2021-07-14T11:30:00+00:00
[2021-07-15 10:41:50,742] {standard_task_runner.py:76} INFO - Running: ['***', 'tasks', 'run', 'Treino-01', 'Hello_Bash', '2021-07-14T11:30:00+00:00', '--job-id', '63', '--pool', 'default_pool', '--raw', '--subdir', 'DAGS_FOLDER/treino01.py', '--cfg-path', '/tmp/tmpmzsjzov8', '--error-file', '/tmp/tmpg_fau6al']
[2021-07-15 10:41:50,742] {standard_task_runner.py:77} INFO - Job 63: Subtask Hello_Bash
[2021-07-15 10:41:50,728] {standard_task_runner.py:52} INFO - Started process 82 to run task
[2021-07-15 10:41:50,909] {logging_mixin.py:104} INFO - Running <TaskInstance: Treino-01.Hello_Bash 2021-07-14T11:30:00+00:00 [running]> on host 07e9e45ed309
[2021-07-15 10:41:51,222] {taskinstance.py:1302} INFO - Exporting the following env vars:
AIRFLOW_CTX_DAG_EMAIL=brunodba@gmail.com,bruno@highsales.digital
AIRFLOW_CTX_DAG_OWNER=Bruno - IGTI
AIRFLOW_CTX_DAG_ID=Treino-01
AIRFLOW_CTX_TASK_ID=Hello_Bash
AIRFLOW_CTX_EXECUTION_DATE=2021-07-14T11:30:00+00:00
AIRFLOW_CTX_DAG_RUN_ID=scheduled__2021-07-14T11:30:00+00:00
[2021-07-15 10:41:51,223] {subprocess.py:52} INFO - Tmp dir root location: 
 /tmp
[2021-07-15 10:41:51,224] {subprocess.py:63} INFO - Running command: ['bash', '-c', 'echo "Hello Airflow from Bash"']
[2021-07-15 10:41:51,277] {subprocess.py:75} INFO - Output:
[2021-07-15 10:41:51,290] {subprocess.py:79} INFO - Hello Airflow from Bash
[2021-07-15 10:41:51,291] {subprocess.py:83} INFO - Command exited with return code 0
[2021-07-15 10:41:51,381] {taskinstance.py:1211} INFO - Marking task as SUCCESS. dag_id=Treino-01, task_id=Hello_Bash, execution_date=20210714T113000, start_date=20210715T104150, end_date=20210715T104151
[2021-07-15 10:41:51,456] {taskinstance.py:1265} INFO - 1 downstream tasks scheduled from follow-on schedule check
[2021-07-15 10:41:51,480] {local_task_job.py:151} INFO - Task exited with return code 0
