[2021-07-14 11:19:40,602] {taskinstance.py:896} INFO - Dependencies all met for <TaskInstance: Treino-01.Hello_Python 2021-07-14T11:04:00+00:00 [queued]>
[2021-07-14 11:19:40,622] {taskinstance.py:896} INFO - Dependencies all met for <TaskInstance: Treino-01.Hello_Python 2021-07-14T11:04:00+00:00 [queued]>
[2021-07-14 11:19:40,622] {taskinstance.py:1087} INFO - 
--------------------------------------------------------------------------------
[2021-07-14 11:19:40,623] {taskinstance.py:1088} INFO - Starting attempt 1 of 2
[2021-07-14 11:19:40,623] {taskinstance.py:1089} INFO - 
--------------------------------------------------------------------------------
[2021-07-14 11:19:40,645] {taskinstance.py:1107} INFO - Executing <Task(PythonOperator): Hello_Python> on 2021-07-14T11:04:00+00:00
[2021-07-14 11:19:40,650] {standard_task_runner.py:52} INFO - Started process 2693 to run task
[2021-07-14 11:19:40,656] {standard_task_runner.py:76} INFO - Running: ['***', 'tasks', 'run', 'Treino-01', 'Hello_Python', '2021-07-14T11:04:00+00:00', '--job-id', '43', '--pool', 'default_pool', '--raw', '--subdir', 'DAGS_FOLDER/treino01.py', '--cfg-path', '/tmp/tmpj_lxjsbm', '--error-file', '/tmp/tmp_pev36zq']
[2021-07-14 11:19:40,657] {standard_task_runner.py:77} INFO - Job 43: Subtask Hello_Python
[2021-07-14 11:19:40,706] {logging_mixin.py:104} INFO - Running <TaskInstance: Treino-01.Hello_Python 2021-07-14T11:04:00+00:00 [running]> on host dd5d7ce4b121
[2021-07-14 11:19:40,776] {taskinstance.py:1302} INFO - Exporting the following env vars:
AIRFLOW_CTX_DAG_EMAIL=brunodba@gmail.com,bruno@highsales.digital
AIRFLOW_CTX_DAG_OWNER=Bruno - IGTI
AIRFLOW_CTX_DAG_ID=Treino-01
AIRFLOW_CTX_TASK_ID=Hello_Python
AIRFLOW_CTX_EXECUTION_DATE=2021-07-14T11:04:00+00:00
AIRFLOW_CTX_DAG_RUN_ID=scheduled__2021-07-14T11:04:00+00:00
[2021-07-14 11:19:40,777] {logging_mixin.py:104} INFO - Hello Airflow from Python
[2021-07-14 11:19:40,777] {python.py:151} INFO - Done. Returned value was: None
[2021-07-14 11:19:40,813] {taskinstance.py:1211} INFO - Marking task as SUCCESS. dag_id=Treino-01, task_id=Hello_Python, execution_date=20210714T110400, start_date=20210714T111940, end_date=20210714T111940
[2021-07-14 11:19:40,906] {taskinstance.py:1265} INFO - 0 downstream tasks scheduled from follow-on schedule check
[2021-07-14 11:19:40,929] {local_task_job.py:151} INFO - Task exited with return code 0
