[2021-07-15 10:42:50,026] {taskinstance.py:896} INFO - Dependencies all met for <TaskInstance: Treino-01.Hello_Bash 2021-07-14T16:02:00+00:00 [queued]>
[2021-07-15 10:42:50,039] {taskinstance.py:896} INFO - Dependencies all met for <TaskInstance: Treino-01.Hello_Bash 2021-07-14T16:02:00+00:00 [queued]>
[2021-07-15 10:42:50,039] {taskinstance.py:1087} INFO - 
--------------------------------------------------------------------------------
[2021-07-15 10:42:50,039] {taskinstance.py:1088} INFO - Starting attempt 1 of 2
[2021-07-15 10:42:50,039] {taskinstance.py:1089} INFO - 
--------------------------------------------------------------------------------
[2021-07-15 10:42:50,053] {taskinstance.py:1107} INFO - Executing <Task(BashOperator): Hello_Bash> on 2021-07-14T16:02:00+00:00
[2021-07-15 10:42:50,056] {standard_task_runner.py:52} INFO - Started process 828 to run task
[2021-07-15 10:42:50,060] {standard_task_runner.py:76} INFO - Running: ['***', 'tasks', 'run', 'Treino-01', 'Hello_Bash', '2021-07-14T16:02:00+00:00', '--job-id', '335', '--pool', 'default_pool', '--raw', '--subdir', 'DAGS_FOLDER/treino01.py', '--cfg-path', '/tmp/tmp2ds2u_pu', '--error-file', '/tmp/tmph1977eft']
[2021-07-15 10:42:50,060] {standard_task_runner.py:77} INFO - Job 335: Subtask Hello_Bash
[2021-07-15 10:42:50,100] {logging_mixin.py:104} INFO - Running <TaskInstance: Treino-01.Hello_Bash 2021-07-14T16:02:00+00:00 [running]> on host 07e9e45ed309
[2021-07-15 10:42:50,151] {taskinstance.py:1302} INFO - Exporting the following env vars:
AIRFLOW_CTX_DAG_EMAIL=brunodba@gmail.com,bruno@highsales.digital
AIRFLOW_CTX_DAG_OWNER=Bruno - IGTI
AIRFLOW_CTX_DAG_ID=Treino-01
AIRFLOW_CTX_TASK_ID=Hello_Bash
AIRFLOW_CTX_EXECUTION_DATE=2021-07-14T16:02:00+00:00
AIRFLOW_CTX_DAG_RUN_ID=scheduled__2021-07-14T16:02:00+00:00
[2021-07-15 10:42:50,152] {subprocess.py:52} INFO - Tmp dir root location: 
 /tmp
[2021-07-15 10:42:50,153] {subprocess.py:63} INFO - Running command: ['bash', '-c', 'echo "Hello Airflow from Bash"']
[2021-07-15 10:42:50,161] {subprocess.py:75} INFO - Output:
[2021-07-15 10:42:50,163] {subprocess.py:79} INFO - Hello Airflow from Bash
[2021-07-15 10:42:50,163] {subprocess.py:83} INFO - Command exited with return code 0
[2021-07-15 10:42:50,193] {taskinstance.py:1211} INFO - Marking task as SUCCESS. dag_id=Treino-01, task_id=Hello_Bash, execution_date=20210714T160200, start_date=20210715T104250, end_date=20210715T104250
[2021-07-15 10:42:50,238] {taskinstance.py:1265} INFO - 1 downstream tasks scheduled from follow-on schedule check
[2021-07-15 10:42:50,274] {local_task_job.py:151} INFO - Task exited with return code 0
