[2021-07-15 10:43:21,420] {taskinstance.py:896} INFO - Dependencies all met for <TaskInstance: Treino-01.Hello_Bash 2021-07-14T19:52:00+00:00 [queued]>
[2021-07-15 10:43:21,435] {taskinstance.py:896} INFO - Dependencies all met for <TaskInstance: Treino-01.Hello_Bash 2021-07-14T19:52:00+00:00 [queued]>
[2021-07-15 10:43:21,435] {taskinstance.py:1087} INFO - 
--------------------------------------------------------------------------------
[2021-07-15 10:43:21,435] {taskinstance.py:1088} INFO - Starting attempt 1 of 2
[2021-07-15 10:43:21,435] {taskinstance.py:1089} INFO - 
--------------------------------------------------------------------------------
[2021-07-15 10:43:21,454] {taskinstance.py:1107} INFO - Executing <Task(BashOperator): Hello_Bash> on 2021-07-14T19:52:00+00:00
[2021-07-15 10:43:21,458] {standard_task_runner.py:52} INFO - Started process 1441 to run task
[2021-07-15 10:43:21,462] {standard_task_runner.py:76} INFO - Running: ['***', 'tasks', 'run', 'Treino-01', 'Hello_Bash', '2021-07-14T19:52:00+00:00', '--job-id', '565', '--pool', 'default_pool', '--raw', '--subdir', 'DAGS_FOLDER/treino01.py', '--cfg-path', '/tmp/tmpca3lz8fc', '--error-file', '/tmp/tmp5k1wbft7']
[2021-07-15 10:43:21,462] {standard_task_runner.py:77} INFO - Job 565: Subtask Hello_Bash
[2021-07-15 10:43:21,507] {logging_mixin.py:104} INFO - Running <TaskInstance: Treino-01.Hello_Bash 2021-07-14T19:52:00+00:00 [running]> on host 07e9e45ed309
[2021-07-15 10:43:21,563] {taskinstance.py:1302} INFO - Exporting the following env vars:
AIRFLOW_CTX_DAG_EMAIL=brunodba@gmail.com,bruno@highsales.digital
AIRFLOW_CTX_DAG_OWNER=Bruno - IGTI
AIRFLOW_CTX_DAG_ID=Treino-01
AIRFLOW_CTX_TASK_ID=Hello_Bash
AIRFLOW_CTX_EXECUTION_DATE=2021-07-14T19:52:00+00:00
AIRFLOW_CTX_DAG_RUN_ID=scheduled__2021-07-14T19:52:00+00:00
[2021-07-15 10:43:21,564] {subprocess.py:52} INFO - Tmp dir root location: 
 /tmp
[2021-07-15 10:43:21,565] {subprocess.py:63} INFO - Running command: ['bash', '-c', 'echo "Hello Airflow from Bash"']
[2021-07-15 10:43:21,573] {subprocess.py:75} INFO - Output:
[2021-07-15 10:43:21,575] {subprocess.py:79} INFO - Hello Airflow from Bash
[2021-07-15 10:43:21,575] {subprocess.py:83} INFO - Command exited with return code 0
[2021-07-15 10:43:21,616] {taskinstance.py:1211} INFO - Marking task as SUCCESS. dag_id=Treino-01, task_id=Hello_Bash, execution_date=20210714T195200, start_date=20210715T104321, end_date=20210715T104321
[2021-07-15 10:43:21,647] {taskinstance.py:1265} INFO - 1 downstream tasks scheduled from follow-on schedule check
[2021-07-15 10:43:21,676] {local_task_job.py:151} INFO - Task exited with return code 0
