[2021-07-15 10:42:55,336] {taskinstance.py:896} INFO - Dependencies all met for <TaskInstance: Treino-01.Hello_Bash 2021-07-14T16:42:00+00:00 [queued]>
[2021-07-15 10:42:55,349] {taskinstance.py:896} INFO - Dependencies all met for <TaskInstance: Treino-01.Hello_Bash 2021-07-14T16:42:00+00:00 [queued]>
[2021-07-15 10:42:55,350] {taskinstance.py:1087} INFO - 
--------------------------------------------------------------------------------
[2021-07-15 10:42:55,350] {taskinstance.py:1088} INFO - Starting attempt 1 of 2
[2021-07-15 10:42:55,352] {taskinstance.py:1089} INFO - 
--------------------------------------------------------------------------------
[2021-07-15 10:42:55,367] {taskinstance.py:1107} INFO - Executing <Task(BashOperator): Hello_Bash> on 2021-07-14T16:42:00+00:00
[2021-07-15 10:42:55,370] {standard_task_runner.py:52} INFO - Started process 928 to run task
[2021-07-15 10:42:55,374] {standard_task_runner.py:76} INFO - Running: ['***', 'tasks', 'run', 'Treino-01', 'Hello_Bash', '2021-07-14T16:42:00+00:00', '--job-id', '375', '--pool', 'default_pool', '--raw', '--subdir', 'DAGS_FOLDER/treino01.py', '--cfg-path', '/tmp/tmpws4unrwr', '--error-file', '/tmp/tmp29qagqr7']
[2021-07-15 10:42:55,374] {standard_task_runner.py:77} INFO - Job 375: Subtask Hello_Bash
[2021-07-15 10:42:55,411] {logging_mixin.py:104} INFO - Running <TaskInstance: Treino-01.Hello_Bash 2021-07-14T16:42:00+00:00 [running]> on host 07e9e45ed309
[2021-07-15 10:42:55,463] {taskinstance.py:1302} INFO - Exporting the following env vars:
AIRFLOW_CTX_DAG_EMAIL=brunodba@gmail.com,bruno@highsales.digital
AIRFLOW_CTX_DAG_OWNER=Bruno - IGTI
AIRFLOW_CTX_DAG_ID=Treino-01
AIRFLOW_CTX_TASK_ID=Hello_Bash
AIRFLOW_CTX_EXECUTION_DATE=2021-07-14T16:42:00+00:00
AIRFLOW_CTX_DAG_RUN_ID=scheduled__2021-07-14T16:42:00+00:00
[2021-07-15 10:42:55,464] {subprocess.py:52} INFO - Tmp dir root location: 
 /tmp
[2021-07-15 10:42:55,465] {subprocess.py:63} INFO - Running command: ['bash', '-c', 'echo "Hello Airflow from Bash"']
[2021-07-15 10:42:55,472] {subprocess.py:75} INFO - Output:
[2021-07-15 10:42:55,473] {subprocess.py:79} INFO - Hello Airflow from Bash
[2021-07-15 10:42:55,474] {subprocess.py:83} INFO - Command exited with return code 0
[2021-07-15 10:42:55,501] {taskinstance.py:1211} INFO - Marking task as SUCCESS. dag_id=Treino-01, task_id=Hello_Bash, execution_date=20210714T164200, start_date=20210715T104255, end_date=20210715T104255
[2021-07-15 10:42:55,536] {taskinstance.py:1265} INFO - 1 downstream tasks scheduled from follow-on schedule check
[2021-07-15 10:42:55,554] {local_task_job.py:151} INFO - Task exited with return code 0
