[2021-07-15 10:43:42,995] {taskinstance.py:896} INFO - Dependencies all met for <TaskInstance: Treino-01.Hello_Python 2021-07-14T22:22:00+00:00 [queued]>
[2021-07-15 10:43:43,008] {taskinstance.py:896} INFO - Dependencies all met for <TaskInstance: Treino-01.Hello_Python 2021-07-14T22:22:00+00:00 [queued]>
[2021-07-15 10:43:43,008] {taskinstance.py:1087} INFO - 
--------------------------------------------------------------------------------
[2021-07-15 10:43:43,008] {taskinstance.py:1088} INFO - Starting attempt 1 of 2
[2021-07-15 10:43:43,008] {taskinstance.py:1089} INFO - 
--------------------------------------------------------------------------------
[2021-07-15 10:43:43,021] {taskinstance.py:1107} INFO - Executing <Task(PythonOperator): Hello_Python> on 2021-07-14T22:22:00+00:00
[2021-07-15 10:43:43,025] {standard_task_runner.py:52} INFO - Started process 1867 to run task
[2021-07-15 10:43:43,028] {standard_task_runner.py:76} INFO - Running: ['***', 'tasks', 'run', 'Treino-01', 'Hello_Python', '2021-07-14T22:22:00+00:00', '--job-id', '722', '--pool', 'default_pool', '--raw', '--subdir', 'DAGS_FOLDER/treino01.py', '--cfg-path', '/tmp/tmp3v54tc8f', '--error-file', '/tmp/tmpqgk5g489']
[2021-07-15 10:43:43,029] {standard_task_runner.py:77} INFO - Job 722: Subtask Hello_Python
[2021-07-15 10:43:43,063] {logging_mixin.py:104} INFO - Running <TaskInstance: Treino-01.Hello_Python 2021-07-14T22:22:00+00:00 [running]> on host 07e9e45ed309
[2021-07-15 10:43:43,113] {taskinstance.py:1302} INFO - Exporting the following env vars:
AIRFLOW_CTX_DAG_EMAIL=brunodba@gmail.com,bruno@highsales.digital
AIRFLOW_CTX_DAG_OWNER=Bruno - IGTI
AIRFLOW_CTX_DAG_ID=Treino-01
AIRFLOW_CTX_TASK_ID=Hello_Python
AIRFLOW_CTX_EXECUTION_DATE=2021-07-14T22:22:00+00:00
AIRFLOW_CTX_DAG_RUN_ID=scheduled__2021-07-14T22:22:00+00:00
[2021-07-15 10:43:43,113] {logging_mixin.py:104} INFO - Hello Airflow from Python
[2021-07-15 10:43:43,113] {python.py:151} INFO - Done. Returned value was: None
[2021-07-15 10:43:43,125] {taskinstance.py:1211} INFO - Marking task as SUCCESS. dag_id=Treino-01, task_id=Hello_Python, execution_date=20210714T222200, start_date=20210715T104342, end_date=20210715T104343
[2021-07-15 10:43:43,152] {taskinstance.py:1265} INFO - 0 downstream tasks scheduled from follow-on schedule check
[2021-07-15 10:43:43,162] {local_task_job.py:151} INFO - Task exited with return code 0
